<?xml version="1.0" encoding="UTF-8"?>
<testng-results skipped="0" failed="0" total="1" passed="1">
  <reporter-output>
  </reporter-output>
  <suite name="com.mindtree.AppTest" duration-ms="79" started-at="2018-11-19T17:25:06Z" finished-at="2018-11-19T17:25:06Z">
    <groups>
    </groups>
    <test name="Command line test" duration-ms="79" started-at="2018-11-19T17:25:06Z" finished-at="2018-11-19T17:25:06Z">
      <class name="com.mindtree.AppTest">
        <test-method status="PASS" signature="beforeMethod()[pri:0, instance:com.mindtree.AppTest@6b71769e]" name="beforeMethod" is-config="true" duration-ms="24" started-at="2018-11-19T22:55:06Z" finished-at="2018-11-19T22:55:06Z">
          <reporter-output>
          </reporter-output>
        </test-method> <!-- beforeMethod -->
        <test-method status="PASS" signature="Test1()[pri:0, instance:com.mindtree.AppTest@6b71769e]" name="Test1" duration-ms="1" started-at="2018-11-19T22:55:06Z" finished-at="2018-11-19T22:55:06Z">
          <reporter-output>
          </reporter-output>
        </test-method> <!-- Test1 -->
        <test-method status="PASS" signature="postCondition()[pri:0, instance:com.mindtree.AppTest@6b71769e]" name="postCondition" is-config="true" duration-ms="0" started-at="2018-11-19T22:55:06Z" finished-at="2018-11-19T22:55:06Z">
          <reporter-output>
          </reporter-output>
        </test-method> <!-- postCondition -->
      </class> <!-- com.mindtree.AppTest -->
    </test> <!-- Command line test -->
  </suite> <!-- com.mindtree.AppTest -->
</testng-results>
